<?xml version="1.0" encoding="UTF-8"?>
<!-- Generated by org.testng.reporters.JUnitReportReporter -->
<testsuite hostname="LAPTOP-38FUG744" failures="0" tests="2" name="testScript.ErrorValidatation" time="0.691" errors="0" timestamp="2024-07-23T14:46:44 IST" skipped="0">
  <testcase classname="testScript.ErrorValidatation" name="passwordwrongerror" time="0.394"/>
  <system-out/>
  <testcase classname="testScript.ErrorValidatation" name="userwrongerror" time="0.297"/>
  <system-out/>
</testsuite> <!-- testScript.ErrorValidatation -->
