<?xml version="1.0" encoding="UTF-8"?>
<!-- Generated by org.testng.reporters.JUnitReportReporter -->
<testsuite hostname="LAPTOP-38FUG744" failures="0" tests="2" name="testScript.E2Eflow" time="6.971" errors="0" timestamp="2024-07-23T18:15:01 IST" skipped="0">
  <testcase classname="testScript.E2Eflow" name="Addtocart" time="3.478"/>
  <testcase classname="testScript.E2Eflow" name="Addtocart" time="3.493"/>
</testsuite> <!-- testScript.E2Eflow -->
